<?xml version="1.0" encoding="UTF-8"?>
<!-- Generated by org.testng.reporters.JUnitXMLReporter -->
<testsuite ignored="0" hostname="DESKTOP-JJ75SLA" failures="0" tests="6" name="mobile Test" time="0.198" errors="0" timestamp="2022-12-24T10:11:36 IST">
  <testcase classname="testNG.sequence" name="chikoo" time="0.009"/>
  <testcase classname="testNG.sequence" name="banana" time="0.004"/>
  <testcase classname="testNG.sequence" name="apple" time="0.002"/>
  <testcase classname="testNG.login" name="m1" time="0.005"/>
  <testcase classname="testNG.dependsOnJava" name="sendRequest" time="0.015"/>
  <testcase classname="testNG.dependsOnJava" name="acceptRequest" time="0.011"/>
</testsuite> <!-- mobile Test -->
