<?xml version="1.0" encoding="UTF-8"?>
<testsuite xmlns:xsi="http://www.w3.org/2001/XMLSchema-instance" xsi:noNamespaceSchemaLocation="https://maven.apache.org/surefire/maven-surefire-plugin/xsd/surefire-test-report-3.0.xsd" version="3.0" name="TestSuite" time="1.624" tests="6" errors="0" skipped="0" failures="0">
  <properties>
[...]
</properties>
  <testcase name="chikoo" classname="testNG.sequence" time="0.028">
    <system-out><![CDATA[Before Suite
Before test
chikoo
]]></system-out>
  </testcase>
  <testcase name="banana" classname="testNG.sequence" time="0.002">
    <system-out><![CDATA[banana
]]></system-out>
  </testcase>
  <testcase name="apple" classname="testNG.sequence" time="0.004">
    <system-out><![CDATA[apple
]]></system-out>
  </testcase>
  <testcase name="m1" classname="testNG.login" time="0.001">
    <system-out><![CDATA[Before classs
Before Method
m1
]]></system-out>
  </testcase>
  <testcase name="sendRequest" classname="testNG.dependsOnJava" time="0">
    <system-out><![CDATA[after Method
After class
sending request
]]></system-out>
  </testcase>
  <testcase name="acceptRequest" classname="testNG.dependsOnJava" time="0.002">
    <system-out><![CDATA[accepting request
]]></system-out>
  </testcase>
</testsuite>