<?xml version="1.0" encoding="UTF-8"?>
<testng-results ignored="0" total="7" passed="7" failed="0" skipped="0">
  <reporter-output>
  </reporter-output>
  <suite started-at="2022-12-25T10:10:03 IST" name="testng" finished-at="2022-12-25T10:11:02 IST" duration-ms="58764">
    <groups>
    </groups>
    <test started-at="2022-12-25T10:10:03 IST" name="Test" finished-at="2022-12-25T10:11:02 IST" duration-ms="58764">
      <class name="testNG.basicAnnotation">
        <test-method is-config="true" signature="beforeSuite()[pri:0, instance:testNG.basicAnnotation@437da279]" started-at="2022-12-25T10:10:03 IST" name="beforeSuite" finished-at="2022-12-25T10:10:03 IST" duration-ms="14" status="PASS">
          <reporter-output>
          </reporter-output>
        </test-method> <!-- beforeSuite -->
        <test-method is-config="true" signature="beforeTest()[pri:0, instance:testNG.basicAnnotation@437da279]" started-at="2022-12-25T10:10:03 IST" name="beforeTest" finished-at="2022-12-25T10:10:03 IST" duration-ms="0" status="PASS">
          <reporter-output>
          </reporter-output>
        </test-method> <!-- beforeTest -->
        <test-method is-config="true" signature="beforeClass()[pri:0, instance:testNG.basicAnnotation@437da279]" started-at="2022-12-25T10:10:04 IST" name="beforeClass" finished-at="2022-12-25T10:10:04 IST" duration-ms="0" status="PASS">
          <reporter-output>
          </reporter-output>
        </test-method> <!-- beforeClass -->
        <test-method is-config="true" signature="beforeMethod()[pri:0, instance:testNG.basicAnnotation@437da279]" started-at="2022-12-25T10:10:04 IST" name="beforeMethod" finished-at="2022-12-25T10:10:04 IST" duration-ms="0" status="PASS">
          <reporter-output>
          </reporter-output>
        </test-method> <!-- beforeMethod -->
        <test-method signature="m1()[pri:0, instance:testNG.basicAnnotation@437da279]" started-at="2022-12-25T10:10:04 IST" name="m1" finished-at="2022-12-25T10:10:04 IST" duration-ms="9" status="PASS">
          <reporter-output>
          </reporter-output>
        </test-method> <!-- m1 -->
        <test-method is-config="true" signature="afterMethod()[pri:0, instance:testNG.basicAnnotation@437da279]" started-at="2022-12-25T10:10:04 IST" name="afterMethod" finished-at="2022-12-25T10:10:04 IST" duration-ms="1" status="PASS">
          <reporter-output>
          </reporter-output>
        </test-method> <!-- afterMethod -->
        <test-method is-config="true" signature="afterclass()[pri:0, instance:testNG.basicAnnotation@437da279]" started-at="2022-12-25T10:10:04 IST" name="afterclass" finished-at="2022-12-25T10:10:04 IST" duration-ms="0" status="PASS">
          <reporter-output>
          </reporter-output>
        </test-method> <!-- afterclass -->
        <test-method is-config="true" signature="afterTest()[pri:0, instance:testNG.basicAnnotation@437da279]" started-at="2022-12-25T10:11:02 IST" name="afterTest" finished-at="2022-12-25T10:11:02 IST" duration-ms="1" status="PASS">
          <reporter-output>
          </reporter-output>
        </test-method> <!-- afterTest -->
        <test-method is-config="true" signature="afterSuite()[pri:0, instance:testNG.basicAnnotation@437da279]" started-at="2022-12-25T10:11:02 IST" name="afterSuite" finished-at="2022-12-25T10:11:02 IST" duration-ms="0" status="PASS">
          <reporter-output>
          </reporter-output>
        </test-method> <!-- afterSuite -->
      </class> <!-- testNG.basicAnnotation -->
      <class name="testNG.XMLparametrization">
        <test-method signature="loginTest()[pri:0, instance:testNG.XMLparametrization@659499f1]" started-at="2022-12-25T10:10:04 IST" name="loginTest" finished-at="2022-12-25T10:11:02 IST" duration-ms="58608" status="PASS">
          <reporter-output>
          </reporter-output>
        </test-method> <!-- loginTest -->
      </class> <!-- testNG.XMLparametrization -->
      <class name="testNG.dependsOnJava">
        <test-method signature="sendRequest()[pri:0, instance:testNG.dependsOnJava@82de64a]" started-at="2022-12-25T10:10:04 IST" name="sendRequest" finished-at="2022-12-25T10:10:04 IST" duration-ms="6" status="PASS">
          <reporter-output>
          </reporter-output>
        </test-method> <!-- sendRequest -->
        <test-method signature="acceptRequest()[pri:0, instance:testNG.dependsOnJava@82de64a]" started-at="2022-12-25T10:10:04 IST" name="acceptRequest" finished-at="2022-12-25T10:10:04 IST" depends-on-methods="testNG.dependsOnJava.sendRequest" duration-ms="2" status="PASS">
          <reporter-output>
          </reporter-output>
        </test-method> <!-- acceptRequest -->
      </class> <!-- testNG.dependsOnJava -->
      <class name="testNG.priority">
        <test-method signature="chikoo()[pri:0, instance:testNG.priority@51e69659]" started-at="2022-12-25T10:11:02 IST" name="chikoo" finished-at="2022-12-25T10:11:02 IST" duration-ms="2" status="PASS">
          <reporter-output>
          </reporter-output>
        </test-method> <!-- chikoo -->
        <test-method signature="banana()[pri:1, instance:testNG.priority@51e69659]" started-at="2022-12-25T10:11:02 IST" name="banana" finished-at="2022-12-25T10:11:02 IST" duration-ms="11" status="PASS">
          <reporter-output>
          </reporter-output>
        </test-method> <!-- banana -->
        <test-method signature="apple()[pri:2, instance:testNG.priority@51e69659]" started-at="2022-12-25T10:11:02 IST" name="apple" finished-at="2022-12-25T10:11:02 IST" duration-ms="5" status="PASS">
          <reporter-output>
          </reporter-output>
        </test-method> <!-- apple -->
      </class> <!-- testNG.priority -->
    </test> <!-- Test -->
  </suite> <!-- testng -->
</testng-results>
