<?xml version="1.0" encoding="UTF-8"?>
<testng-results ignored="0" total="6" passed="6" failed="0" skipped="0">
  <reporter-output>
  </reporter-output>
  <suite started-at="2022-12-24T10:11:35 IST" name="orangeHRM" finished-at="2022-12-24T10:11:36 IST" duration-ms="198">
    <groups>
    </groups>
    <test started-at="2022-12-24T10:11:35 IST" name="mobile Test" finished-at="2022-12-24T10:11:36 IST" duration-ms="198">
      <class name="testNG.login">
        <test-method is-config="true" signature="beforeSuite()[pri:0, instance:testNG.login@437da279]" started-at="2022-12-24T10:11:35 IST" name="beforeSuite" finished-at="2022-12-24T10:11:35 IST" duration-ms="22" status="PASS">
          <reporter-output>
          </reporter-output>
        </test-method> <!-- beforeSuite -->
        <test-method is-config="true" signature="beforeTest()[pri:0, instance:testNG.login@437da279]" started-at="2022-12-24T10:11:35 IST" name="beforeTest" finished-at="2022-12-24T10:11:35 IST" duration-ms="6" status="PASS">
          <reporter-output>
          </reporter-output>
        </test-method> <!-- beforeTest -->
        <test-method is-config="true" signature="beforeClass()[pri:0, instance:testNG.login@437da279]" started-at="2022-12-24T10:11:35 IST" name="beforeClass" finished-at="2022-12-24T10:11:35 IST" duration-ms="1" status="PASS">
          <reporter-output>
          </reporter-output>
        </test-method> <!-- beforeClass -->
        <test-method is-config="true" signature="beforeMethod()[pri:0, instance:testNG.login@437da279]" started-at="2022-12-24T10:11:35 IST" name="beforeMethod" finished-at="2022-12-24T10:11:35 IST" duration-ms="1" status="PASS">
          <reporter-output>
          </reporter-output>
        </test-method> <!-- beforeMethod -->
        <test-method signature="m1()[pri:0, instance:testNG.login@437da279]" started-at="2022-12-24T10:11:35 IST" name="m1" finished-at="2022-12-24T10:11:35 IST" duration-ms="5" status="PASS">
          <reporter-output>
          </reporter-output>
        </test-method> <!-- m1 -->
        <test-method is-config="true" signature="afterMethod()[pri:0, instance:testNG.login@437da279]" started-at="2022-12-24T10:11:35 IST" name="afterMethod" finished-at="2022-12-24T10:11:35 IST" duration-ms="1" status="PASS">
          <reporter-output>
          </reporter-output>
        </test-method> <!-- afterMethod -->
        <test-method is-config="true" signature="afterclass()[pri:0, instance:testNG.login@437da279]" started-at="2022-12-24T10:11:35 IST" name="afterclass" finished-at="2022-12-24T10:11:35 IST" duration-ms="1" status="PASS">
          <reporter-output>
          </reporter-output>
        </test-method> <!-- afterclass -->
        <test-method is-config="true" signature="afterTest()[pri:0, instance:testNG.login@437da279]" started-at="2022-12-24T10:11:36 IST" name="afterTest" finished-at="2022-12-24T10:11:36 IST" duration-ms="3" status="PASS">
          <reporter-output>
          </reporter-output>
        </test-method> <!-- afterTest -->
        <test-method is-config="true" signature="afterSuite()[pri:0, instance:testNG.login@437da279]" started-at="2022-12-24T10:11:36 IST" name="afterSuite" finished-at="2022-12-24T10:11:36 IST" duration-ms="0" status="PASS">
          <reporter-output>
          </reporter-output>
        </test-method> <!-- afterSuite -->
      </class> <!-- testNG.login -->
      <class name="testNG.sequence">
        <test-method signature="chikoo()[pri:0, instance:testNG.sequence@4229bb3f]" started-at="2022-12-24T10:11:35 IST" name="chikoo" finished-at="2022-12-24T10:11:35 IST" duration-ms="9" status="PASS">
          <reporter-output>
          </reporter-output>
        </test-method> <!-- chikoo -->
        <test-method signature="banana()[pri:1, instance:testNG.sequence@4229bb3f]" started-at="2022-12-24T10:11:35 IST" name="banana" finished-at="2022-12-24T10:11:35 IST" duration-ms="4" status="PASS">
          <reporter-output>
          </reporter-output>
        </test-method> <!-- banana -->
        <test-method signature="apple()[pri:2, instance:testNG.sequence@4229bb3f]" started-at="2022-12-24T10:11:35 IST" name="apple" finished-at="2022-12-24T10:11:35 IST" duration-ms="2" status="PASS">
          <reporter-output>
          </reporter-output>
        </test-method> <!-- apple -->
      </class> <!-- testNG.sequence -->
      <class name="testNG.dependsOnJava">
        <test-method signature="sendRequest()[pri:0, instance:testNG.dependsOnJava@3cebbb30]" started-at="2022-12-24T10:11:35 IST" name="sendRequest" finished-at="2022-12-24T10:11:36 IST" duration-ms="15" status="PASS">
          <reporter-output>
          </reporter-output>
        </test-method> <!-- sendRequest -->
        <test-method signature="acceptRequest()[pri:0, instance:testNG.dependsOnJava@3cebbb30]" started-at="2022-12-24T10:11:36 IST" name="acceptRequest" finished-at="2022-12-24T10:11:36 IST" depends-on-methods="testNG.dependsOnJava.sendRequest" duration-ms="11" status="PASS">
          <reporter-output>
          </reporter-output>
        </test-method> <!-- acceptRequest -->
      </class> <!-- testNG.dependsOnJava -->
    </test> <!-- mobile Test -->
  </suite> <!-- orangeHRM -->
</testng-results>
