<?xml version="1.0" encoding="UTF-8"?>
<!-- Generated by org.testng.reporters.JUnitXMLReporter -->
<testsuite ignored="0" hostname="DESKTOP-JJ75SLA" failures="0" tests="7" name="Test" time="58.764" errors="0" timestamp="2022-12-25T10:11:02 IST">
  <testcase classname="testNG.basicAnnotation" name="m1" time="0.009"/>
  <testcase classname="testNG.dependsOnJava" name="sendRequest" time="0.006"/>
  <testcase classname="testNG.dependsOnJava" name="acceptRequest" time="0.002"/>
  <testcase classname="testNG.XMLparametrization" name="loginTest" time="58.608"/>
  <testcase classname="testNG.priority" name="chikoo" time="0.002"/>
  <testcase classname="testNG.priority" name="banana" time="0.011"/>
  <testcase classname="testNG.priority" name="apple" time="0.005"/>
</testsuite> <!-- Test -->
